<?xml version="1.0" encoding="UTF-8"?>
<!-- Generated by org.testng.reporters.JUnitReportReporter -->
<testsuite hostname="DESKTOP-QJLLH6S" failures="0" tests="6" name="Test.BrowserTest" time="53.645" errors="0" timestamp="2021-01-21T14:48:09 IST" skipped="0">
  <testcase classname="Test.BrowserTest" name="GoogleSearch" time="7.830"/>
  <system-out/>
  <testcase classname="Test.BrowserTest" name="loginTest" time="8.871"/>
  <system-out/>
  <testcase classname="Test.BrowserTest" name="loginTest" time="12.227"/>
  <system-out/>
  <testcase classname="Test.BrowserTest" name="loginTest" time="8.831"/>
  <system-out/>
  <testcase classname="Test.BrowserTest" name="GoogleSearch" time="9.117"/>
  <system-out/>
  <testcase classname="Test.BrowserTest" name="GoogleSearch" time="6.769"/>
  <system-out/>
</testsuite> <!-- Test.BrowserTest -->
