<?xml version="1.0" encoding="UTF-8"?>
<!-- Generated by org.testng.reporters.JUnitReportReporter -->
<testsuite hostname="DESKTOP-QJLLH6S" failures="0" tests="6" name="Test.BrowserTest" time="52.903" errors="0" timestamp="2021-01-21T00:38:41 IST" skipped="0">
  <testcase classname="Test.BrowserTest" name="loginTest" time="6.695"/>
  <system-out/>
  <testcase classname="Test.BrowserTest" name="loginTest" time="15.555"/>
  <system-out/>
  <testcase classname="Test.BrowserTest" name="loginTest" time="5.206"/>
  <system-out/>
  <testcase classname="Test.BrowserTest" name="GoogleSearch" time="8.315"/>
  <system-out/>
  <testcase classname="Test.BrowserTest" name="GoogleSearch" time="8.714"/>
  <system-out/>
  <testcase classname="Test.BrowserTest" name="GoogleSearch" time="8.418"/>
  <system-out/>
</testsuite> <!-- Test.BrowserTest -->
